<?xml version="1.0" encoding="utf-8" standalone="no"?>
<!--This file represents the results of running a test suite-->
<test-results name="C:\Projects\SocialGoal\source\SocialGoal.Tests\bin\Release\SocialGoal.Tests.dll" total="113" errors="0" failures="0" not-run="0" inconclusive="0" ignored="0" skipped="0" invalid="0" date="2026-07-23" time="17:28:06">
  <environment nunit-version="2.6.4.14350" clr-version="2.0.50727.9179" os-version="Microsoft Windows NT 6.2.9200.0" platform="Win32NT" cwd="C:\Projects\SocialGoal" machine-name="EVINCIA-JERRY" user="jerry" user-domain="EVINCIA-JERRY" />
  <culture-info current-culture="en-US" current-uiculture="en-US" />
  <test-suite type="Assembly" name="C:\Projects\SocialGoal\source\SocialGoal.Tests\bin\Release\SocialGoal.Tests.dll" executed="True" result="Success" success="True" time="2.083" asserts="0">
    <results>
      <test-suite type="Namespace" name="SocialGoal" executed="True" result="Success" success="True" time="2.078" asserts="0">
        <results>
          <test-suite type="Namespace" name="Tests" executed="True" result="Success" success="True" time="1.837" asserts="0">
            <results>
              <test-suite type="Namespace" name="Controllers" executed="True" result="Success" success="True" time="1.837" asserts="0">
                <results>
                  <test-suite type="TestFixture" name="EmailRequestControllerTest" executed="True" result="Success" success="True" time="0.751" asserts="0">
                    <results>
                      <test-case name="SocialGoal.Tests.Controllers.EmailRequestControllerTest.Add_GroupUser" executed="True" result="Success" success="True" time="0.729" asserts="1" />
                      <test-case name="SocialGoal.Tests.Controllers.EmailRequestControllerTest.Add_Support_ToGoal" executed="True" result="Success" success="True" time="0.014" asserts="1" />
                    </results>
                  </test-suite>
                  <test-suite type="TestFixture" name="GoalControllerTest" executed="True" result="Success" success="True" time="0.462" asserts="0">
                    <results>
                      <test-case name="SocialGoal.Tests.Controllers.GoalControllerTest.Create_Goal" executed="True" result="Success" success="True" time="0.171" asserts="1" />
                      <test-case name="SocialGoal.Tests.Controllers.GoalControllerTest.Create_Goal_Get_ReturnsView" executed="True" result="Success" success="True" time="0.011" asserts="2" />
                      <test-case name="SocialGoal.Tests.Controllers.GoalControllerTest.Create_Support_Test" executed="True" result="Success" success="True" time="0.020" asserts="1" />
                      <test-case name="SocialGoal.Tests.Controllers.GoalControllerTest.Delete_Goal_Get_ReturnsView" executed="True" result="Success" success="True" time="0.003" asserts="3" />
                      <test-case name="SocialGoal.Tests.Controllers.GoalControllerTest.Delete_Goal_Post" executed="True" result="Success" success="True" time="0.001" asserts="1" />
                      <test-case name="SocialGoal.Tests.Controllers.GoalControllerTest.Delete_Update_Get_ReturnsView" executed="True" result="Success" success="True" time="0.001" asserts="3" />
                      <test-case name="SocialGoal.Tests.Controllers.GoalControllerTest.Delete_Update_Post" executed="True" result="Success" success="True" time="0.001" asserts="1" />
                      <test-case name="SocialGoal.Tests.Controllers.GoalControllerTest.Display_Comment_Count_Test" executed="True" result="Success" success="True" time="0.003" asserts="2" />
                      <test-case name="SocialGoal.Tests.Controllers.GoalControllerTest.Display_Update_Supporters_Count" executed="True" result="Success" success="True" time="0.002" asserts="2" />
                      <test-case name="SocialGoal.Tests.Controllers.GoalControllerTest.Display_Updates_Test" executed="True" result="Success" success="True" time="0.024" asserts="2" />
                      <test-case name="SocialGoal.Tests.Controllers.GoalControllerTest.DisplayComments" executed="True" result="Success" success="True" time="0.005" asserts="3" />
                      <test-case name="SocialGoal.Tests.Controllers.GoalControllerTest.Edit_Goal_Get_View" executed="True" result="Success" success="True" time="0.007" asserts="3" />
                      <test-case name="SocialGoal.Tests.Controllers.GoalControllerTest.Edit_Goal_Post" executed="True" result="Success" success="True" time="0.002" asserts="1" />
                      <test-case name="SocialGoal.Tests.Controllers.GoalControllerTest.Edit_Update_Get_View" executed="True" result="Success" success="True" time="0.003" asserts="3" />
                      <test-case name="SocialGoal.Tests.Controllers.GoalControllerTest.Edit_Update_Post" executed="True" result="Success" success="True" time="0.017" asserts="2" />
                      <test-case name="SocialGoal.Tests.Controllers.GoalControllerTest.Get_GoalReport_Test" executed="True" result="Success" success="True" time="0.002" asserts="1" />
                      <test-case name="SocialGoal.Tests.Controllers.GoalControllerTest.Goal_Status_Post_Test" executed="True" result="Success" success="True" time="0.002" asserts="1" />
                      <test-case name="SocialGoal.Tests.Controllers.GoalControllerTest.Goals_Following_Test" executed="True" result="Success" success="True" time="0.015" asserts="2" />
                      <test-case name="SocialGoal.Tests.Controllers.GoalControllerTest.Goals_List" executed="True" result="Success" success="True" time="0.002" asserts="3" />
                      <test-case name="SocialGoal.Tests.Controllers.GoalControllerTest.Index" executed="True" result="Success" success="True" time="0.026" asserts="3" />
                      <test-case name="SocialGoal.Tests.Controllers.GoalControllerTest.Invite_Email_Post" executed="True" result="Success" success="True" time="0.021" asserts="0" />
                      <test-case name="SocialGoal.Tests.Controllers.GoalControllerTest.Invite_User" executed="True" result="Success" success="True" time="0.013" asserts="3" />
                      <test-case name="SocialGoal.Tests.Controllers.GoalControllerTest.ListOfGoals" executed="True" result="Success" success="True" time="0.001" asserts="3" />
                      <test-case name="SocialGoal.Tests.Controllers.GoalControllerTest.MyGoal_Test" executed="True" result="Success" success="True" time="0.017" asserts="3" />
                      <test-case name="SocialGoal.Tests.Controllers.GoalControllerTest.MyGoals_test" executed="True" result="Success" success="True" time="0.013" asserts="2" />
                      <test-case name="SocialGoal.Tests.Controllers.GoalControllerTest.Save_Update_Post" executed="True" result="Success" success="True" time="0.017" asserts="2" />
                      <test-case name="SocialGoal.Tests.Controllers.GoalControllerTest.Save_Update_Update_Mandatory_Test" executed="True" result="Success" success="True" time="0.001" asserts="1" />
                      <test-case name="SocialGoal.Tests.Controllers.GoalControllerTest.SaveComment" executed="True" result="Success" success="True" time="0.016" asserts="1" />
                      <test-case name="SocialGoal.Tests.Controllers.GoalControllerTest.SearchGoalSearch_User_Which_Support_The_Goal" executed="True" result="Success" success="True" time="0.015" asserts="2" />
                      <test-case name="SocialGoal.Tests.Controllers.GoalControllerTest.Support_Invite_View_Returns_Test" executed="True" result="Success" success="True" time="0.001" asserts="2" />
                      <test-case name="SocialGoal.Tests.Controllers.GoalControllerTest.Supporters_List_Test" executed="True" result="Success" success="True" time="0.003" asserts="2" />
                      <test-case name="SocialGoal.Tests.Controllers.GoalControllerTest.Supporters_Of_Updates_List" executed="True" result="Success" success="True" time="0.004" asserts="2" />
                      <test-case name="SocialGoal.Tests.Controllers.GoalControllerTest.Update_Supporters_Count" executed="True" result="Success" success="True" time="0.001" asserts="2" />
                    </results>
                  </test-suite>
                  <test-suite type="TestFixture" name="GroupControllerTest" executed="True" result="Success" success="True" time="0.544" asserts="0">
                    <results>
                      <test-case name="SocialGoal.Tests.Controllers.GroupControllerTest.Accept_Group_Join_Request_Post_Action" executed="True" result="Success" success="True" time="0.037" asserts="1" />
                      <test-case name="SocialGoal.Tests.Controllers.GroupControllerTest.Create_Focus" executed="True" result="Success" success="True" time="0.016" asserts="1" />
                      <test-case name="SocialGoal.Tests.Controllers.GroupControllerTest.Create_Focus_Get_ReturnsView" executed="True" result="Success" success="True" time="0.002" asserts="1" />
                      <test-case name="SocialGoal.Tests.Controllers.GroupControllerTest.Create_Goal" executed="True" result="Success" success="True" time="0.028" asserts="1" />
                      <test-case name="SocialGoal.Tests.Controllers.GroupControllerTest.Create_Goal_Get_ReturnsView" executed="True" result="Success" success="True" time="0.002" asserts="2" />
                      <test-case name="SocialGoal.Tests.Controllers.GroupControllerTest.Create_Group" executed="True" result="Success" success="True" time="0.017" asserts="1" />
                      <test-case name="SocialGoal.Tests.Controllers.GroupControllerTest.Create_Group_Get_ReturnsView" executed="True" result="Success" success="True" time="0.001" asserts="1" />
                      <test-case name="SocialGoal.Tests.Controllers.GroupControllerTest.Delete_Focus_Get_ReturnsView" executed="True" result="Success" success="True" time="0.002" asserts="3" />
                      <test-case name="SocialGoal.Tests.Controllers.GroupControllerTest.Delete_Focus_Post" executed="True" result="Success" success="True" time="0.001" asserts="3" />
                      <test-case name="SocialGoal.Tests.Controllers.GroupControllerTest.Delete_Goal_Get_ReturnsView" executed="True" result="Success" success="True" time="0.001" asserts="3" />
                      <test-case name="SocialGoal.Tests.Controllers.GroupControllerTest.Delete_Goal_Post" executed="True" result="Success" success="True" time="0.001" asserts="1" />
                      <test-case name="SocialGoal.Tests.Controllers.GroupControllerTest.Delete_Group_Get_ReturnsView" executed="True" result="Success" success="True" time="0.001" asserts="3" />
                      <test-case name="SocialGoal.Tests.Controllers.GroupControllerTest.Delete_Group_Post" executed="True" result="Success" success="True" time="0.003" asserts="3" />
                      <test-case name="SocialGoal.Tests.Controllers.GroupControllerTest.Delete_Member" executed="True" result="Success" success="True" time="0.001" asserts="1" />
                      <test-case name="SocialGoal.Tests.Controllers.GroupControllerTest.Delete_Update_Get_ReturnsView" executed="True" result="Success" success="True" time="0.001" asserts="3" />
                      <test-case name="SocialGoal.Tests.Controllers.GroupControllerTest.Delete_Update_Post" executed="True" result="Success" success="True" time="0.002" asserts="1" />
                      <test-case name="SocialGoal.Tests.Controllers.GroupControllerTest.Display_Update_Supporters_Count" executed="True" result="Success" success="True" time="0.002" asserts="2" />
                      <test-case name="SocialGoal.Tests.Controllers.GroupControllerTest.Display_Updates" executed="True" result="Success" success="True" time="0.019" asserts="2" />
                      <test-case name="SocialGoal.Tests.Controllers.GroupControllerTest.DisplayCommentCount" executed="True" result="Success" success="True" time="0.003" asserts="2" />
                      <test-case name="SocialGoal.Tests.Controllers.GroupControllerTest.DisplayComments" executed="True" result="Success" success="True" time="0.009" asserts="3" />
                      <test-case name="SocialGoal.Tests.Controllers.GroupControllerTest.Edit_Focus_Get_ReturnsView" executed="True" result="Success" success="True" time="0.003" asserts="2" />
                      <test-case name="SocialGoal.Tests.Controllers.GroupControllerTest.Edit_Focus_Post" executed="True" result="Success" success="True" time="0.001" asserts="1" />
                      <test-case name="SocialGoal.Tests.Controllers.GroupControllerTest.Edit_Goal_Get_View" executed="True" result="Success" success="True" time="0.009" asserts="2" />
                      <test-case name="SocialGoal.Tests.Controllers.GroupControllerTest.Edit_Goal_Post" executed="True" result="Success" success="True" time="0.001" asserts="1" />
                      <test-case name="SocialGoal.Tests.Controllers.GroupControllerTest.Edit_Group_Get_ReturnsView" executed="True" result="Success" success="True" time="0.002" asserts="2" />
                      <test-case name="SocialGoal.Tests.Controllers.GroupControllerTest.Edit_Group_Post" executed="True" result="Success" success="True" time="0.001" asserts="1" />
                      <test-case name="SocialGoal.Tests.Controllers.GroupControllerTest.Edit_Update_Get_View" executed="True" result="Success" success="True" time="0.002" asserts="3" />
                      <test-case name="SocialGoal.Tests.Controllers.GroupControllerTest.Edit_Update_Post" executed="True" result="Success" success="True" time="0.017" asserts="2" />
                      <test-case name="SocialGoal.Tests.Controllers.GroupControllerTest.Focus" executed="True" result="Success" success="True" time="0.033" asserts="2" />
                      <test-case name="SocialGoal.Tests.Controllers.GroupControllerTest.Focus_Description_Mandatory" executed="True" result="Success" success="True" time="0.001" asserts="2" />
                      <test-case name="SocialGoal.Tests.Controllers.GroupControllerTest.Focus_Name_Mandatory" executed="True" result="Success" success="True" time="0.001" asserts="2" />
                      <test-case name="SocialGoal.Tests.Controllers.GroupControllerTest.Get_GoalReport_Test" executed="True" result="Success" success="True" time="0.002" asserts="1" />
                      <test-case name="SocialGoal.Tests.Controllers.GroupControllerTest.Goal_Status_Post_Test" executed="True" result="Success" success="True" time="0.001" asserts="1" />
                      <test-case name="SocialGoal.Tests.Controllers.GroupControllerTest.Group_Description_Required" executed="True" result="Success" success="True" time="0.011" asserts="2" />
                      <test-case name="SocialGoal.Tests.Controllers.GroupControllerTest.Group_Goal_Page_View" executed="True" result="Success" success="True" time="0.004" asserts="3" />
                      <test-case name="SocialGoal.Tests.Controllers.GroupControllerTest.Group_Join_Request_Post_Action_Test" executed="True" result="Success" success="True" time="0.012" asserts="1" />
                      <test-case name="SocialGoal.Tests.Controllers.GroupControllerTest.Group_Join_Request_Reject_Post_Action_Test" executed="True" result="Success" success="True" time="0.003" asserts="1" />
                      <test-case name="SocialGoal.Tests.Controllers.GroupControllerTest.Group_name_Required" executed="True" result="Success" success="True" time="0.013" asserts="2" />
                      <test-case name="SocialGoal.Tests.Controllers.GroupControllerTest.Groups_List_Test" executed="True" result="Success" success="True" time="0.004" asserts="3" />
                      <test-case name="SocialGoal.Tests.Controllers.GroupControllerTest.Index" executed="True" result="Success" success="True" time="0.020" asserts="3" />
                      <test-case name="SocialGoal.Tests.Controllers.GroupControllerTest.Invite_User" executed="True" result="Success" success="True" time="0.014" asserts="3" />
                      <test-case name="SocialGoal.Tests.Controllers.GroupControllerTest.Invite_Users" executed="True" result="Success" success="True" time="0.001" asserts="2" />
                      <test-case name="SocialGoal.Tests.Controllers.GroupControllerTest.Join_Group_Get_Action" executed="True" result="Success" success="True" time="0.014" asserts="1" />
                      <test-case name="SocialGoal.Tests.Controllers.GroupControllerTest.Joined_User_Test" executed="True" result="Success" success="True" time="0.002" asserts="2" />
                      <test-case name="SocialGoal.Tests.Controllers.GroupControllerTest.ListOfGroups_Test" executed="True" result="Success" success="True" time="0.001" asserts="3" />
                      <test-case name="SocialGoal.Tests.Controllers.GroupControllerTest.Members_View" executed="True" result="Success" success="True" time="0.002" asserts="2" />
                      <test-case name="SocialGoal.Tests.Controllers.GroupControllerTest.Save_Update_Post" executed="True" result="Success" success="True" time="0.020" asserts="2" />
                      <test-case name="SocialGoal.Tests.Controllers.GroupControllerTest.Save_Update_Update_Mandatory_Test" executed="True" result="Success" success="True" time="0.001" asserts="1" />
                      <test-case name="SocialGoal.Tests.Controllers.GroupControllerTest.SaveComment" executed="True" result="Success" success="True" time="0.013" asserts="1" />
                      <test-case name="SocialGoal.Tests.Controllers.GroupControllerTest.Search_Goal_For_Assigning" executed="True" result="Success" success="True" time="0.016" asserts="3" />
                      <test-case name="SocialGoal.Tests.Controllers.GroupControllerTest.SearchUserForGroup" executed="True" result="Success" success="True" time="0.001" asserts="2" />
                      <test-case name="SocialGoal.Tests.Controllers.GroupControllerTest.Show_All_Request_View" executed="True" result="Success" success="True" time="0.124" asserts="4" />
                      <test-case name="SocialGoal.Tests.Controllers.GroupControllerTest.Supporters_Of_Updates_List" executed="True" result="Success" success="True" time="0.005" asserts="2" />
                      <test-case name="SocialGoal.Tests.Controllers.GroupControllerTest.Update_Supporters_Count" executed="True" result="Success" success="True" time="0.002" asserts="2" />
                      <test-case name="SocialGoal.Tests.Controllers.GroupControllerTest.Users_List" executed="True" result="Success" success="True" time="0.003" asserts="3" />
                    </results>
                  </test-suite>
                  <test-suite type="TestFixture" name="NotificationControllerTest" executed="True" result="Success" success="True" time="0.060" asserts="0">
                    <results>
                      <test-case name="SocialGoal.Tests.Controllers.NotificationControllerTest.Get_All_Notifications" executed="True" result="Success" success="True" time="0.028" asserts="1" />
                      <test-case name="SocialGoal.Tests.Controllers.NotificationControllerTest.Index_If_AjaxRequest_Is_NotNull" executed="True" result="Success" success="True" time="0.015" asserts="2" />
                      <test-case name="SocialGoal.Tests.Controllers.NotificationControllerTest.Index_If_AjaxRequest_IsNull" executed="True" result="Success" success="True" time="0.015" asserts="1" />
                    </results>
                  </test-suite>
                  <test-suite type="TestFixture" name="SearchControllerTest" executed="True" result="Success" success="True" time="0.010" asserts="0">
                    <results>
                      <test-case name="SocialGoal.Tests.Controllers.SearchControllerTest.Search_All" executed="True" result="Success" success="True" time="0.010" asserts="2" />
                    </results>
                  </test-suite>
                </results>
              </test-suite>
            </results>
          </test-suite>
          <test-suite type="Namespace" name="Web" executed="True" result="Success" success="True" time="0.234" asserts="0">
            <results>
              <test-suite type="Namespace" name="Controllers" executed="True" result="Success" success="True" time="0.234" asserts="0">
                <results>
                  <test-suite type="Namespace" name="Test" executed="True" result="Success" success="True" time="0.233" asserts="0">
                    <results>
                      <test-suite type="TestFixture" name="AccountControllerTest" executed="True" result="Success" success="True" time="0.233" asserts="0">
                        <results>
                          <test-case name="SocialGoal.Web.Controllers.Test.AccountControllerTest.Accept_Request" executed="True" result="Success" success="True" time="0.005" asserts="1" />
                          <test-case name="SocialGoal.Web.Controllers.Test.AccountControllerTest.Delete_Follow_Request" executed="True" result="Success" success="True" time="0.002" asserts="1" />
                          <test-case name="SocialGoal.Web.Controllers.Test.AccountControllerTest.Edit_Basic_Info" executed="True" result="Success" success="True" time="0.021" asserts="3" />
                          <test-case name="SocialGoal.Web.Controllers.Test.AccountControllerTest.Edit_Personal_Info" executed="True" result="Success" success="True" time="0.013" asserts="3" />
                          <test-case name="SocialGoal.Web.Controllers.Test.AccountControllerTest.Editprofile_Post" executed="True" result="Success" success="True" time="0.006" asserts="1" />
                          <test-case name="SocialGoal.Web.Controllers.Test.AccountControllerTest.Follow_Request" executed="True" result="Success" success="True" time="0.016" asserts="1" />
                          <test-case name="SocialGoal.Web.Controllers.Test.AccountControllerTest.Followers_List" executed="True" result="Success" success="True" time="0.014" asserts="3" />
                          <test-case name="SocialGoal.Web.Controllers.Test.AccountControllerTest.Followings_list" executed="True" result="Success" success="True" time="0.016" asserts="3" />
                          <test-case name="SocialGoal.Web.Controllers.Test.AccountControllerTest.Image_Upload_GetView" executed="True" result="Success" success="True" time="0.013" asserts="3" />
                          <test-case name="SocialGoal.Web.Controllers.Test.AccountControllerTest.Login_Get_View_If_Guid_Is_NotNull" executed="True" result="Success" success="True" time="0.018" asserts="1" />
                          <test-case name="SocialGoal.Web.Controllers.Test.AccountControllerTest.Login_Get_View_If_Guid_Is_Null" executed="True" result="Success" success="True" time="0.005" asserts="1" />
                          <test-case name="SocialGoal.Web.Controllers.Test.AccountControllerTest.LoginTest" executed="True" result="Success" success="True" time="0.039" asserts="3" />
                          <test-case name="SocialGoal.Web.Controllers.Test.AccountControllerTest.LogOff" executed="True" result="Success" success="True" time="0.004" asserts="1" />
                          <test-case name="SocialGoal.Web.Controllers.Test.AccountControllerTest.Register_Get_Returns_View" executed="True" result="Success" success="True" time="0.000" asserts="1" />
                          <test-case name="SocialGoal.Web.Controllers.Test.AccountControllerTest.RegisterTest" executed="True" result="Success" success="True" time="0.009" asserts="3" />
                          <test-case name="SocialGoal.Web.Controllers.Test.AccountControllerTest.SearchUser" executed="True" result="Success" success="True" time="0.001" asserts="2" />
                          <test-case name="SocialGoal.Web.Controllers.Test.AccountControllerTest.UnFollow" executed="True" result="Success" success="True" time="0.013" asserts="1" />
                          <test-case name="SocialGoal.Web.Controllers.Test.AccountControllerTest.Upload_Image_Post" executed="True" result="Success" success="True" time="0.008" asserts="3" />
                          <test-case name="SocialGoal.Web.Controllers.Test.AccountControllerTest.UserProfile" executed="True" result="Success" success="True" time="0.018" asserts="3" />
                        </results>
                      </test-suite>
                    </results>
                  </test-suite>
                </results>
              </test-suite>
            </results>
          </test-suite>
        </results>
      </test-suite>
    </results>
  </test-suite>
</test-results>